Script started on 2026-07-04 10:39:30-05:00 [COMMAND="nix develop -c cargo llvm-cov report --summary-only --ignore-filename-regex "apps/.*/src/main\\.rs"" <not executed on terminal>]
warning: Git tree '/home/trevor/projects/madobe/.qd/worktrees/m4-nightly-coverage-baseline-ratchet' is dirty
madobe dev shell: use 'just --list' to see commands
Filename                                          Regions    Missed Regions     Cover   Functions  Missed Functions  Executed       Lines      Missed Lines     Cover    Branches   Missed Branches     Cover
-------------------------------------------------------------------------------------------------------------------------------------------------------------------------------------------------------------
apps/cli/src/lib.rs                                   412               109    73.54%          35                 9    74.29%         262                57    78.24%           0                 0         -
apps/hostd/src/lib.rs                                 425                99    76.71%          38                11    71.05%         269                66    75.46%           0                 0         -
crates/capture/src/lib.rs                              54                 6    88.89%          12                 0   100.00%          84                 6    92.86%           0                 0         -
crates/compositor/src/config.rs                        83                 2    97.59%          17                 0   100.00%          75                 0   100.00%           0                 0         -
crates/compositor/src/error.rs                         25                16    36.00%           5                 2    60.00%          19                10    47.37%           0                 0         -
crates/compositor/src/ids.rs                           70                12    82.86%          11                 1    90.91%          47                 6    87.23%           0                 0         -
crates/compositor/src/status.rs                        72                 0   100.00%          21                 0   100.00%          84                 0   100.00%           0                 0         -
crates/encode-nv-sys/src/lib.rs                       186                 8    95.70%          18                 1    94.44%         145                 6    95.86%           0                 0         -
crates/encode/src/lib.rs                               73                 0   100.00%          11                 0   100.00%          70                 0   100.00%           0                 0         -
crates/hyprland/src/adapter.rs                        514               180    64.98%          41                14    65.85%         350               111    68.29%           0                 0         -
crates/hyprland/src/adapter/rule.rs                   185                67    63.78%          13                 6    53.85%         107                35    67.29%           0                 0         -
crates/hyprland/src/client.rs                          59                 7    88.14%           7                 1    85.71%          27                 3    88.89%           0                 0         -
crates/hyprland/src/command.rs                         93                54    41.94%          12                 5    58.33%          84                52    38.10%           0                 0         -
crates/hyprland/src/error.rs                           30                 4    86.67%           8                 1    87.50%          31                 4    87.10%           0                 0         -
crates/hyprland/src/event.rs                           58                15    74.14%           8                 2    75.00%          47                17    63.83%           0                 0         -
crates/hyprland/src/model.rs                          117                 9    92.31%          34                 2    94.12%         114                 6    94.74%           0                 0         -
crates/hyprland/src/model/parser.rs                   593               146    75.38%          42                 8    80.95%         307                58    81.11%           0                 0         -
crates/protocol/src/cross_device.rs                   216                11    94.91%          17                 1    94.12%         216                11    94.91%           0                 0         -
crates/protocol/src/lib.rs                            103                 3    97.09%          13                 1    92.31%          85                 3    96.47%           0                 0         -
crates/telemetry/src/lib.rs                            31                 0   100.00%           7                 0   100.00%          24                 0   100.00%           0                 0         -
crates/transport/src/lib.rs                           118                28    76.27%          18                 4    77.78%         135                31    77.04%           0                 0         -
crates/transport/src/video_smoke/artifacts.rs         166                16    90.36%          17                 3    82.35%         106                 7    93.40%           0                 0         -
crates/transport/src/video_smoke/cli.rs               132               132     0.00%           9                 9     0.00%          84                84     0.00%           0                 0         -
crates/transport/src/video_smoke/mod.rs               255                99    61.18%          25                16    36.00%         227               100    55.95%           0                 0         -
crates/transport/src/video_smoke/sha256.rs            201                 0   100.00%          12                 0   100.00%         114                 0   100.00%           0                 0         -
crates/transport/src/video_smoke/wire.rs              206                25    87.86%          18                 6    66.67%         134                14    89.55%           0                 0         -
-------------------------------------------------------------------------------------------------------------------------------------------------------------------------------------------------------------
TOTAL                                                4477              1048    76.59%         469               103    78.04%        3247               687    78.84%           0                 0         -

Script done on 2026-07-04 10:39:35-05:00 [COMMAND_EXIT_CODE="0"]
